mode: set
tansaction_processor.com/concurrent/v2/circularbuffer.go:16.50,24.2 1 1
tansaction_processor.com/concurrent/v2/circularbuffer.go:26.45,30.22 3 1
tansaction_processor.com/concurrent/v2/circularbuffer.go:30.22,33.3 2 1
tansaction_processor.com/concurrent/v2/circularbuffer.go:33.8,36.3 2 1
tansaction_processor.com/concurrent/v2/circularbuffer.go:39.40,43.22 3 1
tansaction_processor.com/concurrent/v2/circularbuffer.go:43.22,46.3 2 1
tansaction_processor.com/concurrent/v2/circularbuffer.go:46.8,50.3 3 1
tansaction_processor.com/concurrent/v2/main.go:25.100,31.2 1 1
tansaction_processor.com/concurrent/v2/main.go:34.66,38.25 3 1
tansaction_processor.com/concurrent/v2/main.go:38.25,41.3 2 1
tansaction_processor.com/concurrent/v2/main.go:43.2,43.33 1 1
tansaction_processor.com/concurrent/v2/main.go:43.33,45.3 1 1
tansaction_processor.com/concurrent/v2/main.go:47.2,47.12 1 1
tansaction_processor.com/concurrent/v2/main.go:51.50,52.34 1 1
tansaction_processor.com/concurrent/v2/main.go:52.34,54.18 2 1
tansaction_processor.com/concurrent/v2/main.go:54.18,55.8 1 1
tansaction_processor.com/concurrent/v2/main.go:55.8,59.31 3 1
tansaction_processor.com/concurrent/v2/main.go:59.31,60.11 1 1
tansaction_processor.com/concurrent/v2/main.go:63.5,63.34 1 1
tansaction_processor.com/concurrent/v2/main.go:67.4,67.22 1 1
tansaction_processor.com/concurrent/v2/main.go:72.2,72.14 1 1
tansaction_processor.com/concurrent/v2/main.go:75.13,84.16 6 0
tansaction_processor.com/concurrent/v2/main.go:84.16,87.3 2 0
tansaction_processor.com/concurrent/v2/main.go:88.2,91.16 3 0
tansaction_processor.com/concurrent/v2/main.go:91.16,94.3 2 0
tansaction_processor.com/concurrent/v2/main.go:96.2,97.21 2 0
tansaction_processor.com/concurrent/v2/main.go:97.21,100.3 2 0
tansaction_processor.com/concurrent/v2/main.go:102.2,102.39 1 0
